<?xml version="1.0" encoding="UTF-8"?>
<testng-results skipped="0" failed="0" ignored="0" total="2" passed="2">
  <reporter-output>
  </reporter-output>
  <suite name="Suite" duration-ms="66339" started-at="2021-09-29T10:01:07 IST" finished-at="2021-09-29T10:02:14 IST">
    <groups>
    </groups>
    <test name="SampleTest" duration-ms="31652" started-at="2021-09-29T10:01:07 IST" finished-at="2021-09-29T10:01:39 IST">
      <class name="com.picnic.maven.RecorderScript">
        <test-method status="PASS" signature="setup(java.lang.String)[pri:0, instance:com.picnic.maven.RecorderScript@3e15bb06]" name="setup" is-config="true" duration-ms="12814" started-at="2021-09-29T10:01:07 IST" finished-at="2021-09-29T10:01:20 IST">
          <params>
            <param index="0">
              <value>
                <![CDATA[Chrome]]>
              </value>
            </param>
          </params>
          <reporter-output>
          </reporter-output>
        </test-method> <!-- setup -->
        <test-method status="PASS" signature="testParameterWithXML()[pri:0, instance:com.picnic.maven.RecorderScript@3e15bb06]" name="testParameterWithXML" duration-ms="18774" started-at="2021-09-29T10:01:20 IST" finished-at="2021-09-29T10:01:39 IST">
          <reporter-output>
          </reporter-output>
        </test-method> <!-- testParameterWithXML -->
      </class> <!-- com.picnic.maven.RecorderScript -->
    </test> <!-- SampleTest -->
    <test name="Sample2Test" duration-ms="34625" started-at="2021-09-29T10:01:39 IST" finished-at="2021-09-29T10:02:14 IST">
      <class name="com.picnic.maven.RecorderScript">
        <test-method status="PASS" signature="setup(java.lang.String)[pri:0, instance:com.picnic.maven.RecorderScript@75fa1be3]" name="setup" is-config="true" duration-ms="15098" started-at="2021-09-29T10:01:39 IST" finished-at="2021-09-29T10:01:54 IST">
          <params>
            <param index="0">
              <value>
                <![CDATA[Firefox]]>
              </value>
            </param>
          </params>
          <reporter-output>
          </reporter-output>
        </test-method> <!-- setup -->
        <test-method status="PASS" signature="testParameterWithXML()[pri:0, instance:com.picnic.maven.RecorderScript@75fa1be3]" name="testParameterWithXML" duration-ms="19526" started-at="2021-09-29T10:01:54 IST" finished-at="2021-09-29T10:02:14 IST">
          <reporter-output>
          </reporter-output>
        </test-method> <!-- testParameterWithXML -->
      </class> <!-- com.picnic.maven.RecorderScript -->
    </test> <!-- Sample2Test -->
  </suite> <!-- Suite -->
</testng-results>
