<?xml version="1.0" encoding="UTF-8"?>
<testng-results skipped="0" failed="1" ignored="0" total="4" passed="3">
  <reporter-output>
  </reporter-output>
  <suite name="Parallel test Suite" duration-ms="20550" started-at="2021-10-01T15:26:41 IST" finished-at="2021-10-01T15:27:02 IST">
    <groups>
    </groups>
    <test name="Firefox Test" duration-ms="19549" started-at="2021-10-01T15:26:41 IST" finished-at="2021-10-01T15:27:01 IST">
      <class name="com.picnic.maven.parallelTest">
        <test-method status="PASS" signature="openbrowser(java.lang.String)[pri:0, instance:com.picnic.maven.parallelTest@7ba18f1b]" name="openbrowser" is-config="true" duration-ms="8406" started-at="2021-10-01T15:26:41 IST" finished-at="2021-10-01T15:26:49 IST">
          <params>
            <param index="0">
              <value>
                <![CDATA[Firefox]]>
              </value>
            </param>
          </params>
          <reporter-output>
          </reporter-output>
        </test-method> <!-- openbrowser -->
        <test-method status="PASS" signature="login_Testcase()[pri:0, instance:com.picnic.maven.parallelTest@7ba18f1b]" name="login_Testcase" duration-ms="6928" started-at="2021-10-01T15:26:49 IST" finished-at="2021-10-01T15:26:56 IST">
          <reporter-output>
          </reporter-output>
        </test-method> <!-- login_Testcase -->
        <test-method status="FAIL" signature="search_Testcase()[pri:0, instance:com.picnic.maven.parallelTest@7ba18f1b]" name="search_Testcase" duration-ms="1564" started-at="2021-10-01T15:26:56 IST" finished-at="2021-10-01T15:26:58 IST">
          <exception class="org.openqa.selenium.NoSuchElementException">
            <message>
              <![CDATA[Unable to locate element: #searchSystemUser_userName
For documentation on this error, please visit: https://www.seleniumhq.org/exceptions/no_such_element.html
Build info: version: '3.141.59', revision: 'e82be7d358', time: '2018-11-14T08:17:03'
System info: host: 'MAVBCP3334', ip: '192.168.0.101', os.name: 'Windows 10', os.arch: 'amd64', os.version: '10.0', java.version: '1.8.0_241'
Driver info: org.openqa.selenium.firefox.FirefoxDriver
Capabilities {acceptInsecureCerts: true, browserName: firefox, browserVersion: 92.0.1, javascriptEnabled: true, moz:accessibilityChecks: false, moz:buildID: 20210922161155, moz:geckodriverVersion: 0.30.0, moz:headless: false, moz:processID: 14520, moz:profile: C:\Users\saravananan\AppDat..., moz:shutdownTimeout: 60000, moz:useNonSpecCompliantPointerOrigin: false, moz:webdriverClick: true, pageLoadStrategy: normal, platform: WINDOWS, platformName: WINDOWS, platformVersion: 10.0, proxy: Proxy(), setWindowRect: true, strictFileInteractability: false, timeouts: {implicit: 0, pageLoad: 300000, script: 30000}, unhandledPromptBehavior: dismiss and notify}
Session ID: 64b81e7e-19c8-461a-90fd-f796de1b917d
*** Element info: {Using=id, value=searchSystemUser_userName}]]>
            </message>
            <full-stacktrace>
              <![CDATA[org.openqa.selenium.NoSuchElementException: Unable to locate element: #searchSystemUser_userName
For documentation on this error, please visit: https://www.seleniumhq.org/exceptions/no_such_element.html
Build info: version: '3.141.59', revision: 'e82be7d358', time: '2018-11-14T08:17:03'
System info: host: 'MAVBCP3334', ip: '192.168.0.101', os.name: 'Windows 10', os.arch: 'amd64', os.version: '10.0', java.version: '1.8.0_241'
Driver info: org.openqa.selenium.firefox.FirefoxDriver
Capabilities {acceptInsecureCerts: true, browserName: firefox, browserVersion: 92.0.1, javascriptEnabled: true, moz:accessibilityChecks: false, moz:buildID: 20210922161155, moz:geckodriverVersion: 0.30.0, moz:headless: false, moz:processID: 14520, moz:profile: C:\Users\saravananan\AppDat..., moz:shutdownTimeout: 60000, moz:useNonSpecCompliantPointerOrigin: false, moz:webdriverClick: true, pageLoadStrategy: normal, platform: WINDOWS, platformName: WINDOWS, platformVersion: 10.0, proxy: Proxy(), setWindowRect: true, strictFileInteractability: false, timeouts: {implicit: 0, pageLoad: 300000, script: 30000}, unhandledPromptBehavior: dismiss and notify}
Session ID: 64b81e7e-19c8-461a-90fd-f796de1b917d
*** Element info: {Using=id, value=searchSystemUser_userName}
at sun.reflect.NativeConstructorAccessorImpl.newInstance0(Native Method)
at sun.reflect.NativeConstructorAccessorImpl.newInstance(NativeConstructorAccessorImpl.java:62)
at sun.reflect.DelegatingConstructorAccessorImpl.newInstance(DelegatingConstructorAccessorImpl.java:45)
at java.lang.reflect.Constructor.newInstance(Constructor.java:423)
at org.openqa.selenium.remote.http.W3CHttpResponseCodec.createException(W3CHttpResponseCodec.java:187)
at org.openqa.selenium.remote.http.W3CHttpResponseCodec.decode(W3CHttpResponseCodec.java:122)
at org.openqa.selenium.remote.http.W3CHttpResponseCodec.decode(W3CHttpResponseCodec.java:49)
at org.openqa.selenium.remote.HttpCommandExecutor.execute(HttpCommandExecutor.java:158)
at org.openqa.selenium.remote.service.DriverCommandExecutor.execute(DriverCommandExecutor.java:83)
at org.openqa.selenium.remote.RemoteWebDriver.execute(RemoteWebDriver.java:552)
at org.openqa.selenium.remote.RemoteWebDriver.findElement(RemoteWebDriver.java:323)
at org.openqa.selenium.remote.RemoteWebDriver.findElementById(RemoteWebDriver.java:372)
at org.openqa.selenium.By$ById.findElement(By.java:188)
at org.openqa.selenium.remote.RemoteWebDriver.findElement(RemoteWebDriver.java:315)
at com.picnic.maven.parallelTest.search_Testcase(parallelTest.java:84)
at sun.reflect.NativeMethodAccessorImpl.invoke0(Native Method)
at sun.reflect.NativeMethodAccessorImpl.invoke(NativeMethodAccessorImpl.java:62)
at sun.reflect.DelegatingMethodAccessorImpl.invoke(DelegatingMethodAccessorImpl.java:43)
at java.lang.reflect.Method.invoke(Method.java:498)
at org.testng.internal.MethodInvocationHelper.invokeMethod(MethodInvocationHelper.java:133)
at org.testng.internal.TestInvoker.invokeMethod(TestInvoker.java:598)
at org.testng.internal.TestInvoker.invokeTestMethod(TestInvoker.java:173)
at org.testng.internal.MethodRunner.runInSequence(MethodRunner.java:46)
at org.testng.internal.TestInvoker$MethodInvocationAgent.invoke(TestInvoker.java:824)
at org.testng.internal.TestInvoker.invokeTestMethods(TestInvoker.java:146)
at org.testng.internal.TestMethodWorker.invokeTestMethods(TestMethodWorker.java:146)
at org.testng.internal.TestMethodWorker.run(TestMethodWorker.java:128)
at java.util.ArrayList.forEach(ArrayList.java:1257)
at org.testng.TestRunner.privateRun(TestRunner.java:794)
at org.testng.TestRunner.run(TestRunner.java:596)
at org.testng.SuiteRunner.runTest(SuiteRunner.java:377)
at org.testng.SuiteRunner.access$000(SuiteRunner.java:28)
at org.testng.SuiteRunner$SuiteWorker.run(SuiteRunner.java:418)
at org.testng.internal.thread.ThreadUtil.lambda$execute$0(ThreadUtil.java:64)
at java.util.concurrent.FutureTask.run(FutureTask.java:266)
at java.util.concurrent.ThreadPoolExecutor.runWorker(ThreadPoolExecutor.java:1149)
at java.util.concurrent.ThreadPoolExecutor$Worker.run(ThreadPoolExecutor.java:624)
at java.lang.Thread.run(Thread.java:748)
]]>
            </full-stacktrace>
          </exception> <!-- org.openqa.selenium.NoSuchElementException -->
          <reporter-output>
          </reporter-output>
        </test-method> <!-- search_Testcase -->
        <test-method status="PASS" signature="close_browser()[pri:0, instance:com.picnic.maven.parallelTest@7ba18f1b]" name="close_browser" is-config="true" duration-ms="2611" started-at="2021-10-01T15:26:58 IST" finished-at="2021-10-01T15:27:01 IST">
          <reporter-output>
          </reporter-output>
        </test-method> <!-- close_browser -->
      </class> <!-- com.picnic.maven.parallelTest -->
    </test> <!-- Firefox Test -->
    <test name="Chrome Test" duration-ms="20550" started-at="2021-10-01T15:26:41 IST" finished-at="2021-10-01T15:27:02 IST">
      <class name="com.picnic.maven.parallelTest">
        <test-method status="PASS" signature="openbrowser(java.lang.String)[pri:0, instance:com.picnic.maven.parallelTest@276438c9]" name="openbrowser" is-config="true" duration-ms="4809" started-at="2021-10-01T15:26:41 IST" finished-at="2021-10-01T15:26:46 IST">
          <params>
            <param index="0">
              <value>
                <![CDATA[Chrome]]>
              </value>
            </param>
          </params>
          <reporter-output>
          </reporter-output>
        </test-method> <!-- openbrowser -->
        <test-method status="PASS" signature="login_Testcase()[pri:0, instance:com.picnic.maven.parallelTest@276438c9]" name="login_Testcase" duration-ms="7562" started-at="2021-10-01T15:26:46 IST" finished-at="2021-10-01T15:26:53 IST">
          <reporter-output>
          </reporter-output>
        </test-method> <!-- login_Testcase -->
        <test-method status="PASS" signature="search_Testcase()[pri:0, instance:com.picnic.maven.parallelTest@276438c9]" name="search_Testcase" duration-ms="6888" started-at="2021-10-01T15:26:53 IST" finished-at="2021-10-01T15:27:00 IST">
          <reporter-output>
          </reporter-output>
        </test-method> <!-- search_Testcase -->
        <test-method status="PASS" signature="close_browser()[pri:0, instance:com.picnic.maven.parallelTest@276438c9]" name="close_browser" is-config="true" duration-ms="1203" started-at="2021-10-01T15:27:00 IST" finished-at="2021-10-01T15:27:02 IST">
          <reporter-output>
          </reporter-output>
        </test-method> <!-- close_browser -->
      </class> <!-- com.picnic.maven.parallelTest -->
    </test> <!-- Chrome Test -->
  </suite> <!-- Parallel test Suite -->
</testng-results>
